This is pdfTeX, Version 3.14159265-2.6-1.40.19 (MiKTeX 2.9.6730 64-bit) (preloaded format=pdflatex 2018.7.31)  28 MAR 2019 20:37
entering extended mode
**"./Thesis Template.tex"
("Thesis Template.tex"
LaTeX2e <2018-04-01> patch level 5
(0_frontmatter/PhDthesisPSnPDF.cls
Document Class: 0_frontmatter/PhDthesisPSnPDF 2007/09/06 v2 PhD thesis class
("C:\Program Files\MiKTeX 2.9\tex\latex\base\book.cls"
Document Class: book 2014/09/29 v1.4h Standard LaTeX document class
("C:\Program Files\MiKTeX 2.9\tex\latex\base\bk11.clo"
File: bk11.clo 2014/09/29 v1.4h Standard LaTeX file (size option)
)
\c@part=\count80
\c@chapter=\count81
\c@section=\count82
\c@subsection=\count83
\c@subsubsection=\count84
\c@paragraph=\count85
\c@subparagraph=\count86
\c@figure=\count87
\c@table=\count88
\abovecaptionskip=\skip41
\belowcaptionskip=\skip42
\bibindent=\dimen102
)
("C:\Program Files\MiKTeX 2.9\tex\latex\float\float.sty"
Package: float 2001/11/08 v1.3d Float enhancements (AL)
\c@float@type=\count89
\float@exts=\toks14
\float@box=\box26
\@float@everytoks=\toks15
\@floatcapt=\box27
)
("C:\Program Files\MiKTeX 2.9\tex\latex\tools\xspace.sty"
Package: xspace 2014/10/28 v1.13 Space after command names (DPC,MH)
)
(C:\Users\ASUS\AppData\Roaming\MiKTeX\2.9\tex\latex\algorithms\algorithm.sty
Package: algorithm 2009/08/24 v0.1 Document Style `algorithm' - floating enviro
nment

("C:\Program Files\MiKTeX 2.9\tex\latex\base\ifthen.sty"
Package: ifthen 2014/09/29 v1.1c Standard LaTeX ifthen package (DPC)
)
\@float@every@algorithm=\toks16
\c@algorithm=\count90
)
(C:\Users\ASUS\AppData\Roaming\MiKTeX\2.9\tex\latex\algorithms\algorithmic.sty
Package: algorithmic 2009/08/24 v0.1 Document Style `algorithmic'

("C:\Program Files\MiKTeX 2.9\tex\latex\graphics\keyval.sty"
Package: keyval 2014/10/28 v1.15 key=value parser (DPC)
\KV@toks@=\toks17
)
\c@ALC@unique=\count91
\c@ALC@line=\count92
\c@ALC@rem=\count93
\c@ALC@depth=\count94
\ALC@tlm=\skip43
\algorithmicindent=\skip44
)
("C:\Program Files\MiKTeX 2.9\tex\latex\amsfonts\amssymb.sty"
Package: amssymb 2013/01/14 v3.01 AMS font symbols

("C:\Program Files\MiKTeX 2.9\tex\latex\amsfonts\amsfonts.sty"
Package: amsfonts 2013/01/14 v3.01 Basic AMSFonts support
\@emptytoks=\toks18
\symAMSa=\mathgroup4
\symAMSb=\mathgroup5
LaTeX Font Info:    Overwriting math alphabet `\mathfrak' in version `bold'
(Font)                  U/euf/m/n --> U/euf/b/n on input line 106.
))
("C:\Program Files\MiKTeX 2.9\tex\latex\graphics\graphics.sty"
Package: graphics 2017/06/25 v1.2c Standard LaTeX Graphics (DPC,SPQR)

("C:\Program Files\MiKTeX 2.9\tex\latex\graphics\trig.sty"
Package: trig 2016/01/03 v1.10 sin cos tan (DPC)
)
("C:\Program Files\MiKTeX 2.9\tex\latex\graphics-cfg\graphics.cfg"
File: graphics.cfg 2016/06/04 v1.11 sample graphics configuration
)
Package graphics Info: Driver file: pdftex.def on input line 99.

("C:\Program Files\MiKTeX 2.9\tex\latex\graphics-def\pdftex.def"
File: pdftex.def 2018/01/08 v1.0l Graphics/color driver for pdftex
))
(C:\Users\ASUS\AppData\Roaming\MiKTeX\2.9\tex\latex\caption\caption.sty
Package: caption 2018/05/01 v3.3-147 Customizing captions (AR)

(C:\Users\ASUS\AppData\Roaming\MiKTeX\2.9\tex\latex\caption\caption3.sty
Package: caption3 2018/05/27 v1.8a caption3 kernel (AR)
Package caption3 Info: TeX engine: e-TeX on input line 64.
\captionmargin=\dimen103
\captionmargin@=\dimen104
\captionwidth=\dimen105
\caption@tempdima=\dimen106
\caption@indent=\dimen107
\caption@parindent=\dimen108
\caption@hangindent=\dimen109
)
\c@ContinuedFloat=\count95
Package caption Info: float package is loaded.
)
(C:\Users\ASUS\AppData\Roaming\MiKTeX\2.9\tex\latex\fancyhdr\fancyhdr.sty
Package: fancyhdr 2017/06/30 v3.9a Extensive control of page headers and footer
s
\f@nch@headwidth=\skip45
\f@nch@O@elh=\skip46
\f@nch@O@erh=\skip47
\f@nch@O@olh=\skip48
\f@nch@O@orh=\skip49
\f@nch@O@elf=\skip50
\f@nch@O@erf=\skip51
\f@nch@O@olf=\skip52
\f@nch@O@orf=\skip53
)
("C:\Program Files\MiKTeX 2.9\tex\latex\amsfonts\eucal.sty"
Package: eucal 2009/06/22 v3.00 Euler Script fonts
LaTeX Font Info:    Overwriting math alphabet `\EuScript' in version `bold'
(Font)                  U/eus/m/n --> U/eus/b/n on input line 33.
)
("C:\Program Files\MiKTeX 2.9\tex\generic\babel\babel.sty"
Package: babel 2018/06/05 3.22 The Babel package

("C:\Program Files\MiKTeX 2.9\tex\generic\babel\switch.def"
File: switch.def 2018/06/05 3.22 Babel switching mechanism
)
*************************************
* Local config file bblopts.cfg used
*
(C:\Users\ASUS\AppData\Roaming\MiKTeX\2.9\tex\latex\arabi\bblopts.cfg
File: bblopts.cfg 2005/09/08 v0.1 add Arabic and Farsi to "declared" options of
 babel
)
("C:\Program Files\MiKTeX 2.9\tex\latex\babel-english\english.ldf"
Language: english 2017/06/06 v3.3r English support from the babel system

("C:\Program Files\MiKTeX 2.9\tex\generic\babel\babel.def"
File: babel.def 2018/06/05 3.22 Babel common definitions
\babel@savecnt=\count96
\U@D=\dimen110

("C:\Program Files\MiKTeX 2.9\tex\generic\babel\txtbabel.def")
\bbl@dirlevel=\count97
)
\l@canadian = a dialect from \language\l@american 
\l@australian = a dialect from \language\l@british 
\l@newzealand = a dialect from \language\l@british 
))
("C:\Program Files\MiKTeX 2.9\tex\latex\graphics\color.sty"
Package: color 2016/07/10 v1.1e Standard LaTeX Color (DPC)

("C:\Program Files\MiKTeX 2.9\tex\latex\graphics-cfg\color.cfg"
File: color.cfg 2016/01/02 v1.6 sample color configuration
)
Package color Info: Driver file: pdftex.def on input line 147.

("C:\Program Files\MiKTeX 2.9\tex\latex\graphics\dvipsnam.def"
File: dvipsnam.def 2016/06/17 v3.0m Driver-dependent file (DPC,SPQR)
))
(C:\Users\ASUS\AppData\Roaming\MiKTeX\2.9\tex\latex\footmisc\footmisc.sty
Package: footmisc 2011/06/06 v5.5b a miscellany of footnote facilities
\FN@temptoken=\toks19
\footnotemargin=\dimen111
\c@pp@next@reset=\count98
\c@@fnserial=\count99
Package footmisc Info: Declaring symbol style bringhurst on input line 855.
Package footmisc Info: Declaring symbol style chicago on input line 863.
Package footmisc Info: Declaring symbol style wiley on input line 872.
Package footmisc Info: Declaring symbol style lamport-robust on input line 883.

Package footmisc Info: Declaring symbol style lamport* on input line 903.
Package footmisc Info: Declaring symbol style lamport*-robust on input line 924
.
)
(C:\Users\ASUS\AppData\Roaming\MiKTeX\2.9\tex\latex\natbib\natbib.sty
Package: natbib 2010/09/13 8.31b (PWD, AO)
\bibhang=\skip54
\bibsep=\skip55
LaTeX Info: Redefining \cite on input line 694.
\c@NAT@ctr=\count100
)
("C:\Program Files\MiKTeX 2.9\tex\latex\tools\multicol.sty"
Package: multicol 2018/04/20 v1.8s multicolumn formatting (FMi)
\c@tracingmulticols=\count101
\mult@box=\box28
\multicol@leftmargin=\dimen112
\c@unbalance=\count102
\c@collectmore=\count103
\doublecol@number=\count104
\multicoltolerance=\count105
\multicolpretolerance=\count106
\full@width=\dimen113
\page@free=\dimen114
\premulticols=\dimen115
\postmulticols=\dimen116
\multicolsep=\skip56
\multicolbaselineskip=\skip57
\partial@page=\box29
\last@line=\box30
\maxbalancingoverflow=\dimen117
\mult@rightbox=\box31
\mult@grightbox=\box32
\mult@gfirstbox=\box33
\mult@firstbox=\box34
\@tempa=\box35
\@tempa=\box36
\@tempa=\box37
\@tempa=\box38
\@tempa=\box39
\@tempa=\box40
\@tempa=\box41
\@tempa=\box42
\@tempa=\box43
\@tempa=\box44
\@tempa=\box45
\@tempa=\box46
\@tempa=\box47
\@tempa=\box48
\@tempa=\box49
\@tempa=\box50
\@tempa=\box51
\c@columnbadness=\count107
\c@finalcolumnbadness=\count108
\last@try=\dimen118
\multicolovershoot=\dimen119
\multicolundershoot=\dimen120
\mult@nat@firstbox=\box52
\colbreak@box=\box53
\mc@col@check@num=\count109
)
(C:\Users\ASUS\AppData\Roaming\MiKTeX\2.9\tex\latex\tocbibind\tocbibind.sty
Package: tocbibind 2010/10/13 v1.5k extra ToC listings
Package tocbibind Info: The document has chapter divisions on input line 50.


Package tocbibind Note: Using chapter style headings, unless overridden.

) (C:\Users\ASUS\AppData\Roaming\MiKTeX\2.9\tex\latex\nomencl\nomencl.sty
Package: nomencl 2005/09/22 v4.2 Nomenclature package (LN)
\nomlabelwidth=\dimen121
\nom@tempdim=\dimen122
\nomitemsep=\skip58
)
\@nomenclaturefile=\write3
\openout3 = `"Thesis Template.nlo"'.


Writing nomenclature file "Thesis Template".nlo
("C:\Program Files\MiKTeX 2.9\tex\generic\oberdiek\ifpdf.sty"
Package: ifpdf 2017/03/15 v3.2 Provides the ifpdf switch
)
("C:\Program Files\MiKTeX 2.9\tex\latex\hyperref\hyperref.sty"
Package: hyperref 2018/02/06 v6.86b Hypertext links for LaTeX

("C:\Program Files\MiKTeX 2.9\tex\generic\oberdiek\hobsub-hyperref.sty"
Package: hobsub-hyperref 2016/05/16 v1.14 Bundle oberdiek, subset hyperref (HO)


("C:\Program Files\MiKTeX 2.9\tex\generic\oberdiek\hobsub-generic.sty"
Package: hobsub-generic 2016/05/16 v1.14 Bundle oberdiek, subset generic (HO)
Package: hobsub 2016/05/16 v1.14 Construct package bundles (HO)
Package: infwarerr 2016/05/16 v1.4 Providing info/warning/error messages (HO)
Package: ltxcmds 2016/05/16 v1.23 LaTeX kernel commands for general use (HO)
Package: ifluatex 2016/05/16 v1.4 Provides the ifluatex switch (HO)
Package ifluatex Info: LuaTeX not detected.
Package: ifvtex 2016/05/16 v1.6 Detect VTeX and its facilities (HO)
Package ifvtex Info: VTeX not detected.
Package: intcalc 2016/05/16 v1.2 Expandable calculations with integers (HO)
Package hobsub Info: Skipping package `ifpdf' (already loaded).
Package: etexcmds 2016/05/16 v1.6 Avoid name clashes with e-TeX commands (HO)
Package etexcmds Info: Could not find \expanded.
(etexcmds)             That can mean that you are not using pdfTeX 1.50 or
(etexcmds)             that some package has redefined \expanded.
(etexcmds)             In the latter case, load this package earlier.
Package: kvsetkeys 2016/05/16 v1.17 Key value parser (HO)
Package: kvdefinekeys 2016/05/16 v1.4 Define keys (HO)
Package: pdftexcmds 2018/01/30 v0.27 Utility functions of pdfTeX for LuaTeX (HO
)
Package pdftexcmds Info: LuaTeX not detected.
Package pdftexcmds Info: \pdf@primitive is available.
Package pdftexcmds Info: \pdf@ifprimitive is available.
Package pdftexcmds Info: \pdfdraftmode found.
Package: pdfescape 2016/05/16 v1.14 Implements pdfTeX's escape features (HO)
Package: bigintcalc 2016/05/16 v1.4 Expandable calculations on big integers (HO
)
Package: bitset 2016/05/16 v1.2 Handle bit-vector datatype (HO)
Package: uniquecounter 2016/05/16 v1.3 Provide unlimited unique counter (HO)
)
Package hobsub Info: Skipping package `hobsub' (already loaded).
Package: letltxmacro 2016/05/16 v1.5 Let assignment for LaTeX macros (HO)
Package: hopatch 2016/05/16 v1.3 Wrapper for package hooks (HO)
Package: xcolor-patch 2016/05/16 xcolor patch
Package: atveryend 2016/05/16 v1.9 Hooks at the very end of document (HO)
Package atveryend Info: \enddocument detected (standard20110627).
Package: atbegshi 2016/06/09 v1.18 At begin shipout hook (HO)
Package: refcount 2016/05/16 v3.5 Data extraction from label references (HO)
Package: hycolor 2016/05/16 v1.8 Color options for hyperref/bookmark (HO)
)
("C:\Program Files\MiKTeX 2.9\tex\generic\ifxetex\ifxetex.sty"
Package: ifxetex 2010/09/12 v0.6 Provides ifxetex conditional
)
("C:\Program Files\MiKTeX 2.9\tex\latex\oberdiek\auxhook.sty"
Package: auxhook 2016/05/16 v1.4 Hooks for auxiliary files (HO)
)
("C:\Program Files\MiKTeX 2.9\tex\latex\oberdiek\kvoptions.sty"
Package: kvoptions 2016/05/16 v3.12 Key value format for package options (HO)
)
\@linkdim=\dimen123
\Hy@linkcounter=\count110
\Hy@pagecounter=\count111

("C:\Program Files\MiKTeX 2.9\tex\latex\hyperref\pd1enc.def"
File: pd1enc.def 2018/02/06 v6.86b Hyperref: PDFDocEncoding definition (HO)
Now handling font encoding PD1 ...
... no UTF-8 mapping file for font encoding PD1
)
\Hy@SavedSpaceFactor=\count112

("C:\Program Files\MiKTeX 2.9\tex\latex\00miktex\hyperref.cfg"
File: hyperref.cfg 2002/06/06 v1.2 hyperref configuration of TeXLive
)
Package hyperref Info: Option `plainpages' set `false' on input line 4383.
Package hyperref Info: Option `pdfpagelabels' set `true' on input line 4383.


Package hyperref Warning: Values of option `pdfpagelayout':
(hyperref)                * `SinglePage'
(hyperref)                * `OneColumn'
(hyperref)                * `TwoColumnLeft'
(hyperref)                * `TwoColumnRight'
(hyperref)                * `TwoPageLeft' (PDF 1.5)
(hyperref)                * `TwoPageRight' (PDF 1.5)
(hyperref)                * An empty value disables the option.
(hyperref)                Unknown value `useoutlines' on input line 4383.

Package hyperref Info: Option `bookmarks' set `true' on input line 4383.
Package hyperref Info: Option `bookmarksopen' set `true' on input line 4383.
Package hyperref Info: Option `bookmarksnumbered' set `true' on input line 4383
.
Package hyperref Info: Option `breaklinks' set `true' on input line 4383.
Package hyperref Info: Option `linktocpage' set `true' on input line 4383.
Package hyperref Info: Option `colorlinks' set `false' on input line 4383.
Package hyperref Info: Option `hyperindex' set `true' on input line 4383.
Package hyperref Info: Option `hyperfigures' set `true' on input line 4383.
Package hyperref Info: Hyper figures ON on input line 4507.
Package hyperref Info: Link nesting OFF on input line 4514.
Package hyperref Info: Hyper index ON on input line 4517.
Package hyperref Info: Plain pages OFF on input line 4524.
Package hyperref Info: Backreferencing ON on input line 4527.
Package hyperref Info: Implicit mode ON; LaTeX internals redefined.
Package hyperref Info: Bookmarks ON on input line 4762.
("C:\Program Files\MiKTeX 2.9\tex\latex\hyperref\backref.sty"
Package: backref 2016/05/21 v1.39 Bibliographical back referencing

("C:\Program Files\MiKTeX 2.9\tex\latex\oberdiek\rerunfilecheck.sty"
Package: rerunfilecheck 2016/05/16 v1.8 Rerun checks for auxiliary files (HO)
Package uniquecounter Info: New unique counter `rerunfilecheck' on input line 2
82.
))
\c@Hy@tempcnt=\count113

(C:\Users\ASUS\AppData\Roaming\MiKTeX\2.9\tex\latex\url\url.sty
\Urlmuskip=\muskip10
Package: url 2013/09/16  ver 3.4  Verb mode for urls, etc.
)
LaTeX Info: Redefining \url on input line 5115.
\XeTeXLinkMargin=\dimen124
\Fld@menulength=\count114
\Field@Width=\dimen125
\Fld@charsize=\dimen126
Package hyperref Info: Hyper figures ON on input line 6367.
Package hyperref Info: Link nesting OFF on input line 6374.
Package hyperref Info: Hyper index ON on input line 6377.
Package hyperref Info: backreferencing ON on input line 6382.
Package hyperref Info: Link coloring OFF on input line 6389.
Package hyperref Info: Link coloring with OCG OFF on input line 6394.
Package hyperref Info: PDF/A mode OFF on input line 6399.
LaTeX Info: Redefining \ref on input line 6439.
LaTeX Info: Redefining \pageref on input line 6443.
\Hy@abspage=\count115
\c@Item=\count116
\c@Hfootnote=\count117
)
Package hyperref Info: Driver: hpdftex.

("C:\Program Files\MiKTeX 2.9\tex\latex\hyperref\hpdftex.def"
File: hpdftex.def 2018/02/06 v6.86b Hyperref driver for pdfTeX
\Fld@listcount=\count118
\c@bookmark@seq@number=\count119
\Hy@SectionHShift=\skip59
)
("C:\Program Files\MiKTeX 2.9\tex\latex\graphics\graphicx.sty"
Package: graphicx 2017/06/01 v1.1a Enhanced LaTeX Graphics (DPC,SPQR)
\Gin@req@height=\dimen127
\Gin@req@width=\dimen128
)

Package Fancyhdr Warning: \fancyhead's `E' option without twoside option is use
less on input line 200.

) (C:\Users\ASUS\AppData\Roaming\MiKTeX\2.9\tex\latex\wrapfig\wrapfig.sty
\wrapoverhang=\dimen129
\WF@size=\dimen130
\c@WF@wrappedlines=\count120
\WF@box=\box54
\WF@everypar=\toks20
Package: wrapfig 2003/01/31  v 3.6
)
(C:\Users\ASUS\AppData\Roaming\MiKTeX\2.9\tex\latex\stackengine\stackengine.sty
Package: stackengine 2017/02/13 v4.01\ Stacking text and objects in convenient 
ways
(C:\Users\ASUS\AppData\Roaming\MiKTeX\2.9\tex\latex\etoolbox\etoolbox.sty
Package: etoolbox 2018/08/19 v2.5f e-TeX tools for LaTeX (JAW)
\etb@tempcnta=\count121
)
(C:\Users\ASUS\AppData\Roaming\MiKTeX\2.9\tex\latex\listofitems\listofitems.sty

(C:\Users\ASUS\AppData\Roaming\MiKTeX\2.9\tex\generic\listofitems\listofitems.t
ex
\loi_nestcnt=\count122
)
Package: listofitems 2018/03/13 v1.53 Grab items in lists using user-specified 
sep char (CT)
) ("C:\Program Files\MiKTeX 2.9\tex\latex\tools\calc.sty"
Package: calc 2017/05/25 v4.3 Infix arithmetic (KKT,FJ)
\calc@Acount=\count123
\calc@Bcount=\count124
\calc@Adimen=\dimen131
\calc@Bdimen=\dimen132
\calc@Askip=\skip60
\calc@Bskip=\skip61
LaTeX Info: Redefining \setlength on input line 80.
LaTeX Info: Redefining \addtolength on input line 81.
\calc@Ccount=\count125
\calc@Cskip=\skip62
)
\c@@stackindex=\count126
\@boxshift=\skip63
\stack@tmplength=\skip64
\temp@stkl=\skip65
\@stackedboxwidth=\skip66
\@addedbox=\box55
\@anchorbox=\box56
\stackedbox=\box57
\@centerbox=\box58
\c@ROWcellindex@=\count127
)
(C:\Users\ASUS\AppData\Roaming\MiKTeX\2.9\tex\latex\xcolor\xcolor.sty
Package: xcolor 2016/05/11 v2.12 LaTeX color extensions (UK)

("C:\Program Files\MiKTeX 2.9\tex\latex\graphics-cfg\color.cfg"
File: color.cfg 2016/01/02 v1.6 sample color configuration
)
Package xcolor Info: Driver file: pdftex.def on input line 225.
LaTeX Info: Redefining \color on input line 709.
Package xcolor Info: Model `cmy' substituted by `cmy0' on input line 1348.
Package xcolor Info: Model `hsb' substituted by `rgb' on input line 1352.
Package xcolor Info: Model `RGB' extended on input line 1364.
Package xcolor Info: Model `HTML' substituted by `rgb' on input line 1366.
Package xcolor Info: Model `Hsb' substituted by `hsb' on input line 1367.
Package xcolor Info: Model `tHsb' substituted by `hsb' on input line 1368.
Package xcolor Info: Model `HSB' substituted by `hsb' on input line 1369.
Package xcolor Info: Model `Gray' substituted by `gray' on input line 1370.
Package xcolor Info: Model `wave' substituted by `hsb' on input line 1371.
)
(C:\Users\ASUS\AppData\Roaming\MiKTeX\2.9\tex\latex\enumitem\enumitem.sty
Package: enumitem 2011/09/28 v3.5.2 Customized lists
\labelindent=\skip67
\enit@outerparindent=\dimen133
\enit@toks=\toks21
\enit@inbox=\box59
\enitdp@description=\count128
)
(C:\Users\ASUS\AppData\Roaming\MiKTeX\2.9\tex\latex\mathabx\mathabx.sty
Package: mathabx 2003/07/29 v0.0 Non-standard LaTeX package mathabx
\symmatha=\mathgroup6
\symmathb=\mathgroup7
\symmathx=\mathgroup8

(C:\Users\ASUS\AppData\Roaming\MiKTeX\2.9\tex\generic\mathabx\mathabx.dcl
LaTeX Font Info:    Redeclaring math symbol \cdotp on input line 25.
LaTeX Font Info:    Redeclaring math symbol \times on input line 33.
LaTeX Font Info:    Redeclaring math symbol \div on input line 34.
LaTeX Font Info:    Redeclaring math symbol \cdot on input line 35.
LaTeX Font Info:    Redeclaring math symbol \circ on input line 36.
LaTeX Font Info:    Redeclaring math symbol \ast on input line 38.
LaTeX Font Info:    Redeclaring math symbol \pm on input line 41.
LaTeX Font Info:    Redeclaring math symbol \mp on input line 42.
LaTeX Font Info:    Redeclaring math symbol \ltimes on input line 43.
LaTeX Font Info:    Redeclaring math symbol \rtimes on input line 44.
LaTeX Font Info:    Redeclaring math symbol \diamond on input line 45.
LaTeX Font Info:    Redeclaring math symbol \bullet on input line 46.
LaTeX Font Info:    Redeclaring math symbol \star on input line 47.
LaTeX Font Info:    Redeclaring math symbol \amalg on input line 51.
LaTeX Font Info:    Redeclaring math symbol \dotplus on input line 58.
LaTeX Font Info:    Redeclaring math symbol \square on input line 63.
LaTeX Font Info:    Redeclaring math symbol \divideontimes on input line 71.
LaTeX Font Info:    Redeclaring math symbol \bigstar on input line 75.
LaTeX Font Info:    Redeclaring math symbol \equiv on input line 83.
LaTeX Font Info:    Redeclaring math symbol \sim on input line 84.
LaTeX Font Info:    Redeclaring math symbol \approx on input line 85.
LaTeX Font Info:    Redeclaring math symbol \simeq on input line 86.
LaTeX Font Info:    Redeclaring math symbol \asymp on input line 89.
LaTeX Font Info:    Redeclaring math symbol \nsim on input line 97.
LaTeX Font Info:    Redeclaring math symbol \ncong on input line 100.
LaTeX Font Info:    Redeclaring math symbol \risingdotseq on input line 118.
LaTeX Font Info:    Redeclaring math symbol \fallingdotseq on input line 119.
LaTeX Font Info:    Redeclaring math symbol \circeq on input line 125.
LaTeX Font Info:    Redeclaring math symbol \eqcirc on input line 126.
LaTeX Font Info:    Redeclaring math symbol \triangleq on input line 127.
LaTeX Font Info:    Redeclaring math symbol \neg on input line 134.
LaTeX Font Info:    Redeclaring math symbol \ll on input line 136.
LaTeX Font Info:    Redeclaring math symbol \gg on input line 137.
LaTeX Font Info:    Redeclaring math symbol \vdash on input line 139.
LaTeX Font Info:    Redeclaring math symbol \dashv on input line 140.
LaTeX Font Info:    Redeclaring math symbol \nvdash on input line 141.
LaTeX Font Info:    Redeclaring math symbol \vDash on input line 143.
LaTeX Font Info:    Redeclaring math symbol \nvDash on input line 145.
LaTeX Font Info:    Redeclaring math symbol \Vdash on input line 147.
LaTeX Font Info:    Redeclaring math symbol \nVdash on input line 149.
LaTeX Font Info:    Redeclaring math symbol \flat on input line 158.
LaTeX Font Info:    Redeclaring math symbol \natural on input line 159.
LaTeX Font Info:    Redeclaring math symbol \sharp on input line 160.
LaTeX Font Info:    Redeclaring math symbol \infty on input line 161.
LaTeX Font Info:    Redeclaring math symbol \propto on input line 162.
LaTeX Font Info:    Redeclaring math symbol \dagger on input line 163.
LaTeX Font Info:    Redeclaring math symbol \ddagger on input line 164.
LaTeX Font Info:    Redeclaring math symbol \between on input line 170.
LaTeX Font Info:    Redeclaring math symbol \smile on input line 171.
LaTeX Font Info:    Redeclaring math symbol \frown on input line 172.
LaTeX Font Info:    Redeclaring math symbol \leftthreetimes on input line 174.
LaTeX Font Info:    Redeclaring math symbol \rightthreetimes on input line 175.

LaTeX Font Info:    Redeclaring math symbol \pitchfork on input line 176.
LaTeX Font Info:    Redeclaring math symbol \nVDash on input line 182.
LaTeX Font Info:    Redeclaring math symbol \Vvdash on input line 184.
LaTeX Font Info:    Redeclaring math symbol \therefore on input line 189.
LaTeX Font Info:    Redeclaring math symbol \because on input line 190.
LaTeX Font Info:    Redeclaring math symbol \measuredangle on input line 202.
LaTeX Font Info:    Redeclaring math symbol \sphericalangle on input line 203.
LaTeX Font Info:    Redeclaring math symbol \setminus on input line 218.
LaTeX Font Info:    Redeclaring math symbol \mid on input line 222.
LaTeX Font Info:    Redeclaring math symbol \forall on input line 279.
LaTeX Font Info:    Redeclaring math symbol \complement on input line 280.
LaTeX Font Info:    Redeclaring math symbol \partial on input line 281.
LaTeX Font Info:    Redeclaring math symbol \exists on input line 284.
LaTeX Font Info:    Redeclaring math symbol \nexists on input line 285.
LaTeX Font Info:    Redeclaring math symbol \Finv on input line 286.
LaTeX Font Info:    Redeclaring math symbol \Game on input line 287.
LaTeX Font Info:    Redeclaring math symbol \emptyset on input line 288.
LaTeX Font Info:    Redeclaring math symbol \top on input line 290.
LaTeX Font Info:    Redeclaring math symbol \bot on input line 291.
LaTeX Font Info:    Redeclaring math symbol \perp on input line 292.
LaTeX Font Info:    Redeclaring math symbol \curlywedge on input line 296.
LaTeX Font Info:    Redeclaring math symbol \curlyvee on input line 297.
LaTeX Font Info:    Redeclaring math symbol \in on input line 299.
LaTeX Font Info:    Redeclaring math symbol \owns on input line 300.
LaTeX Font Info:    Redeclaring math symbol \cap on input line 312.
LaTeX Font Info:    Redeclaring math symbol \cup on input line 313.
LaTeX Font Info:    Redeclaring math symbol \uplus on input line 314.
LaTeX Font Info:    Redeclaring math symbol \sqcap on input line 315.
LaTeX Font Info:    Redeclaring math symbol \sqcup on input line 316.
LaTeX Font Info:    Redeclaring math symbol \wedge on input line 318.
LaTeX Font Info:    Redeclaring math symbol \vee on input line 320.
LaTeX Font Info:    Redeclaring math symbol \barwedge on input line 327.
LaTeX Font Info:    Redeclaring math symbol \veebar on input line 328.
LaTeX Font Info:    Redeclaring math symbol \doublebarwedge on input line 329.
LaTeX Font Info:    Redeclaring math symbol \doublecap on input line 331.
LaTeX Font Info:    Redeclaring math symbol \doublecup on input line 333.
LaTeX Font Info:    Redeclaring math symbol \subset on input line 344.
LaTeX Font Info:    Redeclaring math symbol \supset on input line 345.
LaTeX Font Info:    Redeclaring math symbol \subseteq on input line 348.
LaTeX Font Info:    Redeclaring math symbol \supseteq on input line 349.
LaTeX Font Info:    Redeclaring math symbol \nsubseteq on input line 350.
LaTeX Font Info:    Redeclaring math symbol \nsupseteq on input line 351.
LaTeX Font Info:    Redeclaring math symbol \subsetneq on input line 352.
LaTeX Font Info:    Redeclaring math symbol \supsetneq on input line 353.
LaTeX Font Info:    Redeclaring math symbol \varsubsetneq on input line 354.
LaTeX Font Info:    Redeclaring math symbol \varsupsetneq on input line 355.
LaTeX Font Info:    Redeclaring math symbol \subseteqq on input line 357.
LaTeX Font Info:    Redeclaring math symbol \supseteqq on input line 358.
LaTeX Font Info:    Redeclaring math symbol \nsubseteqq on input line 359.
LaTeX Font Info:    Redeclaring math symbol \nsupseteqq on input line 360.
LaTeX Font Info:    Redeclaring math symbol \subsetneqq on input line 361.
LaTeX Font Info:    Redeclaring math symbol \supsetneqq on input line 362.
LaTeX Font Info:    Redeclaring math symbol \varsubsetneqq on input line 363.
LaTeX Font Info:    Redeclaring math symbol \varsupsetneqq on input line 364.
LaTeX Font Info:    Redeclaring math symbol \Subset on input line 366.
LaTeX Font Info:    Redeclaring math symbol \Supset on input line 367.
LaTeX Font Info:    Redeclaring math symbol \sqsubseteq on input line 380.
LaTeX Font Info:    Redeclaring math symbol \sqsupseteq on input line 381.
LaTeX Font Info:    Redeclaring math symbol \triangleleft on input line 407.
LaTeX Font Info:    Redeclaring math symbol \vartriangleleft on input line 408.

LaTeX Font Info:    Redeclaring math symbol \triangleright on input line 409.
LaTeX Font Info:    Redeclaring math symbol \vartriangleright on input line 410
.
LaTeX Font Info:    Redeclaring math symbol \ntriangleleft on input line 411.
LaTeX Font Info:    Redeclaring math symbol \ntriangleright on input line 412.
LaTeX Font Info:    Redeclaring math symbol \trianglelefteq on input line 413.
LaTeX Font Info:    Redeclaring math symbol \trianglerighteq on input line 414.

LaTeX Font Info:    Redeclaring math symbol \ntrianglelefteq on input line 415.

LaTeX Font Info:    Redeclaring math symbol \ntrianglerighteq on input line 416
.
LaTeX Font Info:    Redeclaring math symbol \blacktriangledown on input line 42
7.
LaTeX Font Info:    Redeclaring math symbol \blacktriangleleft on input line 42
8.
LaTeX Font Info:    Redeclaring math symbol \blacktriangleright on input line 4
29.
LaTeX Font Info:    Redeclaring math symbol \nless on input line 437.
LaTeX Font Info:    Redeclaring math symbol \ngtr on input line 438.
LaTeX Font Info:    Redeclaring math symbol \leq on input line 439.
LaTeX Font Info:    Redeclaring math symbol \geq on input line 441.
LaTeX Font Info:    Redeclaring math symbol \nleq on input line 443.
LaTeX Font Info:    Redeclaring math symbol \ngeq on input line 445.
LaTeX Font Info:    Redeclaring math symbol \lneq on input line 451.
LaTeX Font Info:    Redeclaring math symbol \gneq on input line 452.
LaTeX Font Info:    Redeclaring math symbol \leqq on input line 453.
LaTeX Font Info:    Redeclaring math symbol \geqq on input line 454.
LaTeX Font Info:    Redeclaring math symbol \nleqq on input line 455.
LaTeX Font Info:    Redeclaring math symbol \ngeqq on input line 456.
LaTeX Font Info:    Redeclaring math symbol \lneqq on input line 457.
LaTeX Font Info:    Redeclaring math symbol \gneqq on input line 458.
LaTeX Font Info:    Redeclaring math symbol \lvertneqq on input line 459.
LaTeX Font Info:    Redeclaring math symbol \gvertneqq on input line 460.
LaTeX Font Info:    Redeclaring math symbol \eqslantless on input line 461.
LaTeX Font Info:    Redeclaring math symbol \eqslantgtr on input line 462.
LaTeX Font Info:    Redeclaring math symbol \lessgtr on input line 465.
LaTeX Font Info:    Redeclaring math symbol \gtrless on input line 466.
LaTeX Font Info:    Redeclaring math symbol \lesseqgtr on input line 467.
LaTeX Font Info:    Redeclaring math symbol \gtreqless on input line 468.
LaTeX Font Info:    Redeclaring math symbol \lesseqqgtr on input line 469.
LaTeX Font Info:    Redeclaring math symbol \gtreqqless on input line 470.
LaTeX Font Info:    Redeclaring math symbol \lesssim on input line 472.
LaTeX Font Info:    Redeclaring math symbol \gtrsim on input line 473.
LaTeX Font Info:    Redeclaring math symbol \lnsim on input line 476.
LaTeX Font Info:    Redeclaring math symbol \gnsim on input line 477.
LaTeX Font Info:    Redeclaring math symbol \lessapprox on input line 478.
LaTeX Font Info:    Redeclaring math symbol \gtrapprox on input line 479.
LaTeX Font Info:    Redeclaring math symbol \lnapprox on input line 482.
LaTeX Font Info:    Redeclaring math symbol \gnapprox on input line 483.
LaTeX Font Info:    Redeclaring math symbol \lessdot on input line 485.
LaTeX Font Info:    Redeclaring math symbol \gtrdot on input line 486.
LaTeX Font Info:    Redeclaring math symbol \lll on input line 488.
LaTeX Font Info:    Redeclaring math symbol \ggg on input line 489.
LaTeX Font Info:    Redeclaring math symbol \prec on input line 498.
LaTeX Font Info:    Redeclaring math symbol \succ on input line 499.
LaTeX Font Info:    Redeclaring math symbol \nprec on input line 500.
LaTeX Font Info:    Redeclaring math symbol \nsucc on input line 501.
LaTeX Font Info:    Redeclaring math symbol \preccurlyeq on input line 502.
LaTeX Font Info:    Redeclaring math symbol \succcurlyeq on input line 503.
LaTeX Font Info:    Redeclaring math symbol \preceq on input line 506.
LaTeX Font Info:    Redeclaring math symbol \succeq on input line 507.
LaTeX Font Info:    Redeclaring math symbol \npreceq on input line 508.
LaTeX Font Info:    Redeclaring math symbol \nsucceq on input line 509.
LaTeX Font Info:    Redeclaring math symbol \curlyeqprec on input line 512.
LaTeX Font Info:    Redeclaring math symbol \curlyeqsucc on input line 513.
LaTeX Font Info:    Redeclaring math symbol \precsim on input line 517.
LaTeX Font Info:    Redeclaring math symbol \succsim on input line 518.
LaTeX Font Info:    Redeclaring math symbol \precnsim on input line 521.
LaTeX Font Info:    Redeclaring math symbol \succnsim on input line 522.
LaTeX Font Info:    Redeclaring math symbol \precapprox on input line 523.
LaTeX Font Info:    Redeclaring math symbol \succapprox on input line 524.
LaTeX Font Info:    Redeclaring math symbol \precnapprox on input line 527.
LaTeX Font Info:    Redeclaring math symbol \succnapprox on input line 528.
LaTeX Font Info:    Redeclaring math symbol \leftarrow on input line 540.
LaTeX Font Info:    Redeclaring math symbol \rightarrow on input line 542.
LaTeX Font Info:    Redeclaring math symbol \nwarrow on input line 546.
LaTeX Font Info:    Redeclaring math symbol \nearrow on input line 547.
LaTeX Font Info:    Redeclaring math symbol \swarrow on input line 548.
LaTeX Font Info:    Redeclaring math symbol \searrow on input line 549.
LaTeX Font Info:    Redeclaring math symbol \leftrightarrow on input line 550.
LaTeX Font Info:    Redeclaring math symbol \nleftarrow on input line 552.
LaTeX Font Info:    Redeclaring math symbol \nrightarrow on input line 553.
LaTeX Font Info:    Redeclaring math symbol \nleftrightarrow on input line 554.

LaTeX Font Info:    Redeclaring math symbol \mapstochar on input line 557.
LaTeX Font Info:    Redeclaring math symbol \leftharpoonup on input line 560.
LaTeX Font Info:    Redeclaring math symbol \rightharpoonup on input line 561.
LaTeX Font Info:    Redeclaring math symbol \leftharpoondown on input line 562.

LaTeX Font Info:    Redeclaring math symbol \rightharpoondown on input line 563
.
LaTeX Font Info:    Redeclaring math symbol \upharpoonleft on input line 564.
LaTeX Font Info:    Redeclaring math symbol \downharpoonleft on input line 565.

LaTeX Font Info:    Redeclaring math symbol \upharpoonright on input line 566.
LaTeX Font Info:    Redeclaring math symbol \restriction on input line 567.
LaTeX Font Info:    Redeclaring math symbol \downharpoonright on input line 568
.
LaTeX Font Info:    Redeclaring math symbol \leftrightharpoons on input line 56
9.
LaTeX Font Info:    Redeclaring math symbol \Leftarrow on input line 575.
LaTeX Font Info:    Redeclaring math symbol \Rightarrow on input line 576.
LaTeX Font Info:    Redeclaring math symbol \Leftrightarrow on input line 579.
LaTeX Font Info:    Redeclaring math symbol \nLeftarrow on input line 581.
LaTeX Font Info:    Redeclaring math symbol \nRightarrow on input line 582.
LaTeX Font Info:    Redeclaring math symbol \nLeftrightarrow on input line 583.

LaTeX Font Info:    Redeclaring math symbol \leftleftarrows on input line 593.
LaTeX Font Info:    Redeclaring math symbol \rightrightarrows on input line 594
.
LaTeX Font Info:    Redeclaring math symbol \upuparrows on input line 595.
LaTeX Font Info:    Redeclaring math symbol \downdownarrows on input line 596.
LaTeX Font Info:    Redeclaring math symbol \leftrightarrows on input line 597.

LaTeX Font Info:    Redeclaring math symbol \rightleftarrows on input line 598.

LaTeX Font Info:    Redeclaring math symbol \rhook on input line 612.
LaTeX Font Info:    Redeclaring math symbol \lhook on input line 613.
LaTeX Font Info:    Redeclaring math symbol \diagup on input line 614.
LaTeX Font Info:    Redeclaring math symbol \diagdown on input line 615.
LaTeX Font Info:    Redeclaring math symbol \Lsh on input line 617.
LaTeX Font Info:    Redeclaring math symbol \Rsh on input line 619.
LaTeX Font Info:    Redeclaring math symbol \looparrowleft on input line 624.
LaTeX Font Info:    Redeclaring math symbol \looparrowright on input line 626.
LaTeX Font Info:    Redeclaring math symbol \curvearrowleft on input line 631.
LaTeX Font Info:    Redeclaring math symbol \curvearrowright on input line 633.

LaTeX Font Info:    Redeclaring math symbol \circlearrowleft on input line 641.

LaTeX Font Info:    Redeclaring math symbol \circlearrowright on input line 642
.
LaTeX Font Info:    Redeclaring math symbol \rightsquigarrow on input line 645.

LaTeX Font Info:    Redeclaring math symbol \leftrightsquigarrow on input line 
646.
LaTeX Font Info:    Redeclaring math symbol \oplus on input line 658.
LaTeX Font Info:    Redeclaring math symbol \ominus on input line 659.
LaTeX Font Info:    Redeclaring math symbol \otimes on input line 661.
LaTeX Font Info:    Redeclaring math symbol \odot on input line 663.
LaTeX Font Info:    Redeclaring math symbol \oslash on input line 675.
LaTeX Font Info:    Redeclaring math symbol \boxplus on input line 683.
LaTeX Font Info:    Redeclaring math symbol \boxminus on input line 684.
LaTeX Font Info:    Redeclaring math symbol \boxtimes on input line 686.
LaTeX Font Info:    Redeclaring math symbol \boxdot on input line 688.
\mayacnter=\count129
\mayacnta=\count130
\mayacntb=\count131
\mayacntc=\count132
\mayawidth=\dimen134
LaTeX Font Info:    Redeclaring math symbol \intop on input line 753.
LaTeX Font Info:    Redeclaring math symbol \ointop on input line 760.
LaTeX Font Info:    Redeclaring math delimiter \lbrace on input line 842.
LaTeX Info: Redefining \{ on input line 846.
LaTeX Font Info:    Redeclaring math delimiter \rbrace on input line 848.
LaTeX Info: Redefining \} on input line 852.
LaTeX Font Info:    Redeclaring math delimiter \langle on input line 858.
LaTeX Font Info:    Redeclaring math delimiter \rangle on input line 859.
LaTeX Font Info:    Redeclaring math delimiter \vert on input line 863.
LaTeX Font Info:    Redeclaring math delimiter \Vert on input line 865.
LaTeX Font Info:    Redeclaring math delimiter \uparrow on input line 868.
LaTeX Font Info:    Redeclaring math delimiter \downarrow on input line 869.
LaTeX Font Info:    Redeclaring math delimiter \updownarrow on input line 870.
LaTeX Font Info:    Redeclaring math delimiter \Uparrow on input line 871.
LaTeX Font Info:    Redeclaring math delimiter \Downarrow on input line 872.
LaTeX Font Info:    Redeclaring math delimiter \Updownarrow on input line 873.
LaTeX Font Info:    Redeclaring math delimiter \lgroup on input line 880.
LaTeX Font Info:    Redeclaring math delimiter \rgroup on input line 881.
LaTeX Font Info:    Redeclaring math delimiter \lceil on input line 882.
LaTeX Font Info:    Redeclaring math delimiter \rceil on input line 883.
LaTeX Font Info:    Redeclaring math delimiter \lfloor on input line 884.
LaTeX Font Info:    Redeclaring math delimiter \rfloor on input line 885.
LaTeX Font Info:    Redeclaring math symbol \braceld on input line 903.
LaTeX Font Info:    Redeclaring math symbol \bracerd on input line 905.
LaTeX Font Info:    Redeclaring math symbol \bracelu on input line 907.
LaTeX Font Info:    Redeclaring math symbol \braceru on input line 909.
LaTeX Font Info:    Redeclaring math accent \widehat on input line 944.
LaTeX Font Info:    Redeclaring math accent \widetilde on input line 946.
))
("C:\Program Files\MiKTeX 2.9\tex\latex\tools\array.sty"
Package: array 2018/04/30 v2.4h Tabular extension package (FMi)
\col@sep=\dimen135
\ar@mcellbox=\box60
\extrarowheight=\dimen136
\NC@list=\toks22
\extratabsurround=\skip68
\backup@length=\skip69
\ar@cellbox=\box61
)
("C:\Program Files\MiKTeX 2.9\tex\latex\base\inputenc.sty"
Package: inputenc 2018/04/06 v1.3b Input encoding file
\inpenc@prehook=\toks23
\inpenc@posthook=\toks24

(C:\Users\ASUS\AppData\Roaming\MiKTeX\2.9\tex\latex\ucs\utf8x.def
File: utf8x.def 2004/10/17 UCS: Input encoding UTF-8
))
(C:\Users\ASUS\AppData\Roaming\MiKTeX\2.9\tex\latex\ucs\ucs.sty
Package: ucs 2013/05/11 v2.2 UCS: Unicode input support

(C:\Users\ASUS\AppData\Roaming\MiKTeX\2.9\tex\latex\ucs\uni-global.def
File: uni-global.def 2013/05/13 UCS: Unicode global data
)
\uc@secondtry=\count133
\uc@combtoks=\toks25
\uc@combtoksb=\toks26
\uc@temptokena=\toks27
)

Package array Warning: Column C is already defined on input line 16.

\@input{0_frontmatter/MacroFile1.aux}
\openout2 = `0_frontmatter/MacroFile1.aux'.

(0_frontmatter/MacroFile1.tex) ("Thesis Template.aux"
(0_frontmatter/declaration.aux) (0_frontmatter/certificate.aux)
(0_frontmatter/abstract.aux) (chapter_1/Introduction_ch1.aux)
(chapter_2/Related-Work_ch2.aux) (chapter_3/Proposed-Method_ch3.aux)
(chapter_5/Conclusion_ch5.aux) (chapter_4/Results_ch4.aux)
(chapter_7/Application_ch7.aux) (chapter_6/Conclusion_ch6.aux))
\openout1 = `"Thesis Template.aux"'.

LaTeX Font Info:    Checking defaults for OML/cmm/m/it on input line 44.
LaTeX Font Info:    ... okay on input line 44.
LaTeX Font Info:    Checking defaults for T1/cmr/m/n on input line 44.
LaTeX Font Info:    ... okay on input line 44.
LaTeX Font Info:    Checking defaults for OT1/cmr/m/n on input line 44.
LaTeX Font Info:    ... okay on input line 44.
LaTeX Font Info:    Checking defaults for OMS/cmsy/m/n on input line 44.
LaTeX Font Info:    ... okay on input line 44.
LaTeX Font Info:    Checking defaults for OMX/cmex/m/n on input line 44.
LaTeX Font Info:    ... okay on input line 44.
LaTeX Font Info:    Checking defaults for U/mathx/m/n on input line 44.
LaTeX Font Info:    ... okay on input line 44.
LaTeX Font Info:    Checking defaults for PD1/pdf/m/n on input line 44.
LaTeX Font Info:    ... okay on input line 44.

(C:\Users\ASUS\AppData\Roaming\MiKTeX\2.9\tex\context\base\supp-pdf.mkii
[Loading MPS to PDF converter (version 2006.09.02).]
\scratchcounter=\count134
\scratchdimen=\dimen137
\scratchbox=\box62
\nofMPsegments=\count135
\nofMParguments=\count136
\everyMPshowfont=\toks28
\MPscratchCnt=\count137
\MPscratchDim=\dimen138
\MPnumerator=\count138
\makeMPintoPDFobject=\count139
\everyMPtoPDFconversion=\toks29
) ("C:\Program Files\MiKTeX 2.9\tex\latex\oberdiek\epstopdf-base.sty"
Package: epstopdf-base 2016/05/15 v2.6 Base part for package epstopdf

("C:\Program Files\MiKTeX 2.9\tex\latex\oberdiek\grfext.sty"
Package: grfext 2016/05/16 v1.2 Manage graphics extensions (HO)
)
Package epstopdf-base Info: Redefining graphics rule for `.eps' on input line 4
38.
Package grfext Info: Graphics extension search list:
(grfext)             [.png,.jpg,.jpeg,.pdf,.gif,.eps]
(grfext)             \AppendGraphicsExtensions on input line 456.
)
Package caption Info: Begin \AtBeginDocument code.
Package caption Info: hyperref package is loaded.
Package caption Info: wrapfig package is loaded.
Package caption Info: End \AtBeginDocument code.
\AtBeginShipoutBox=\box63
Package backref Info: ** backref set up for natbib ** on input line 44.
Package hyperref Info: Link coloring OFF on input line 44.

("C:\Program Files\MiKTeX 2.9\tex\latex\hyperref\nameref.sty"
Package: nameref 2016/05/21 v2.44 Cross-referencing by name of section

("C:\Program Files\MiKTeX 2.9\tex\generic\oberdiek\gettitlestring.sty"
Package: gettitlestring 2016/05/16 v1.5 Cleanup title references (HO)
)
\c@section@level=\count140
)
LaTeX Info: Redefining \ref on input line 44.
LaTeX Info: Redefining \pageref on input line 44.
LaTeX Info: Redefining \nameref on input line 44.

("Thesis Template.out") ("Thesis Template.out")
\@outlinefile=\write4
\openout4 = `"Thesis Template.out"'.


(C:\Users\ASUS\AppData\Roaming\MiKTeX\2.9\tex\latex\ucs\ucsencs.def
File: ucsencs.def 2011/01/21 Fixes to fontencodings LGR, T3
)
<0_frontmatter/figures/UIU-Logo.PNG, id=291, 251.4996pt x 228.3732pt>
File: 0_frontmatter/figures/UIU-Logo.PNG Graphic file (type png)
<use 0_frontmatter/figures/UIU-Logo.PNG>
Package pdftex.def Info: 0_frontmatter/figures/UIU-Logo.PNG  used on input line
 51.
(pdftex.def)             Requested size: 113.81102pt x 103.34544pt.
 [1



\FN@pp@footnotehinttrue 

{C:/Users/ASUS/AppData/Local/MiKTeX/2.9/pdftex/config/pdftex.map} <./0_frontmat
ter/figures/UIU-Logo.PNG>]
\openout2 = `0_frontmatter/declaration.aux'.

 (0_frontmatter/declaration.tex
LaTeX Font Info:    Try loading font information for U+msa on input line 5.

("C:\Program Files\MiKTeX 2.9\tex\latex\amsfonts\umsa.fd"
File: umsa.fd 2013/01/14 v3.01 AMS symbols A
)
LaTeX Font Info:    Try loading font information for U+msb on input line 5.

("C:\Program Files\MiKTeX 2.9\tex\latex\amsfonts\umsb.fd"
File: umsb.fd 2013/01/14 v3.01 AMS symbols B
)
<0_frontmatter/figures/hm.PNG, id=302, 282.30469pt x 29.35968pt>
File: 0_frontmatter/figures/hm.PNG Graphic file (type png)
<use 0_frontmatter/figures/hm.PNG>
Package pdftex.def Info: 0_frontmatter/figures/hm.PNG  used on input line 11.
(pdftex.def)             Requested size: 165.02345pt x 17.16255pt.

Overfull \hbox (99.01508pt too wide) in paragraph at lines 11--13
[] 
 []

<0_frontmatter/figures/fariha.PNG, id=303, 282.30469pt x 29.35968pt>
File: 0_frontmatter/figures/fariha.PNG Graphic file (type png)
<use 0_frontmatter/figures/fariha.PNG>
Package pdftex.def Info: 0_frontmatter/figures/fariha.PNG  used on input line 1
8.
(pdftex.def)             Requested size: 165.02345pt x 17.16255pt.

Overfull \hbox (99.01508pt too wide) in paragraph at lines 18--20
[] 
 []

<0_frontmatter/figures/mouri.PNG, id=304, 234.1247pt x 19.57312pt>
File: 0_frontmatter/figures/mouri.PNG Graphic file (type png)
<use 0_frontmatter/figures/mouri.PNG>
Package pdftex.def Info: 0_frontmatter/figures/mouri.PNG  used on input line 25
.
(pdftex.def)             Requested size: 165.02345pt x 13.79695pt.

Overfull \hbox (99.01508pt too wide) in paragraph at lines 25--27
[] 
 []

<0_frontmatter/figures/tushar.PNG, id=305, 261.22594pt x 29.35968pt>
File: 0_frontmatter/figures/tushar.PNG Graphic file (type png)
<use 0_frontmatter/figures/tushar.PNG>
Package pdftex.def Info: 0_frontmatter/figures/tushar.PNG  used on input line 3
2.
(pdftex.def)             Requested size: 165.02345pt x 18.5473pt.

Overfull \hbox (99.01508pt too wide) in paragraph at lines 32--34
[] 
 []

<0_frontmatter/figures/rana.PNG, id=306, 296.60812pt x 38.39343pt>
File: 0_frontmatter/figures/rana.PNG Graphic file (type png)
<use 0_frontmatter/figures/rana.PNG>
Package pdftex.def Info: 0_frontmatter/figures/rana.PNG  used on input line 39.

(pdftex.def)             Requested size: 165.02345pt x 21.36131pt.

Overfull \hbox (99.01508pt too wide) in paragraph at lines 39--41
[] 
 []

[2

 <./0_frontmatter/figures/hm.PNG> <./0_frontmatter/figures/fariha.PNG> <./0_fro
ntmatter/figures/mouri.PNG> <./0_frontmatter/figures/tushar.PNG> <./0_frontmatt
er/figures/rana.PNG>])
\openout2 = `0_frontmatter/certificate.aux'.

 (0_frontmatter/certificate.tex
<0_frontmatter/figures/sir.PNG, id=313, 510.40688pt x 77.53969pt>
File: 0_frontmatter/figures/sir.PNG Graphic file (type png)
<use 0_frontmatter/figures/sir.PNG>
Package pdftex.def Info: 0_frontmatter/figures/sir.PNG  used on input line 11.
(pdftex.def)             Requested size: 165.02345pt x 25.06993pt.

Overfull \hbox (99.01508pt too wide) in paragraph at lines 11--13
[] 
 []

[3


 <./0_frontmatter/figures/sir.PNG>])
\openout2 = `0_frontmatter/abstract.aux'.

 (0_frontmatter/abstract.tex [4


])
("Thesis Template.toc" [5
\FN@pp@footnotehinttrue 


] [6])
\tf@toc=\write5
\openout5 = `"Thesis Template.toc"'.

 [7] ("Thesis Template.lof")
\tf@lof=\write6
\openout6 = `"Thesis Template.lof"'.

 [8

] ("Thesis Template.lot")
\tf@lot=\write7
\openout7 = `"Thesis Template.lot"'.

 [9

]
\openout2 = `chapter_1/Introduction_ch1.aux'.


(chapter_1/Introduction_ch1.tex
Chapter 1.
Package epstopdf Info: Source file: <chapter_1/figures/dna.eps>
(epstopdf)                    date: 2018-09-25 16:02:58
(epstopdf)                    size: 785538 bytes
(epstopdf)             Output file: <chapter_1/figures/dna-eps-converted-to.pdf
>
(epstopdf)                    date: 2018-09-25 16:18:29
(epstopdf)                    size: 72686 bytes
(epstopdf)             Command: <epstopdf --outfile=chapter_1/figures/dna-eps-c
onverted-to.pdf chapter_1/figures/dna.eps>
(epstopdf)             \includegraphics on input line 23.
Package epstopdf Info: Output file is already uptodate.
<chapter_1/figures/dna-eps-converted-to.pdf, id=482, 453.695pt x 378.41376pt>
File: chapter_1/figures/dna-eps-converted-to.pdf Graphic file (type pdf)
<use chapter_1/figures/dna-eps-converted-to.pdf>
Package pdftex.def Info: chapter_1/figures/dna-eps-converted-to.pdf  used on in
put line 23.
(pdftex.def)             Requested size: 144.40024pt x 120.43661pt.
[1



] [2 <./chapter_1/figures/dna-eps-converted-to.pdf>]
Package epstopdf Info: Source file: <chapter_1/figures/Methedology.eps>
(epstopdf)                    date: 2018-09-25 16:03:47
(epstopdf)                    size: 666082 bytes
(epstopdf)             Output file: <chapter_1/figures/Methedology-eps-converte
d-to.pdf>
(epstopdf)                    date: 2018-09-25 16:18:33
(epstopdf)                    size: 37449 bytes
(epstopdf)             Command: <epstopdf --outfile=chapter_1/figures/Methedolo
gy-eps-converted-to.pdf chapter_1/figures/Methedology.eps>
(epstopdf)             \includegraphics on input line 80.
Package epstopdf Info: Output file is already uptodate.
<chapter_1/figures/Methedology-eps-converted-to.pdf, id=509, 672.5125pt x 166.6
225pt>
File: chapter_1/figures/Methedology-eps-converted-to.pdf Graphic file (type pdf
)
<use chapter_1/figures/Methedology-eps-converted-to.pdf>
Package pdftex.def Info: chapter_1/figures/Methedology-eps-converted-to.pdf  us
ed on input line 80.
(pdftex.def)             Requested size: 330.05322pt x 81.77539pt.
 [3]) [4 <./chapter_1/figures/Methedology-eps-converted-to.pdf>]
\openout2 = `chapter_2/Related-Work_ch2.aux'.

 (chapter_2/Related-Work_ch2.tex
Chapter 2.
[5



]
Package epstopdf Info: Source file: <chapter_2/figures/spintmal.eps>
(epstopdf)                    date: 2018-09-25 16:06:13
(epstopdf)                    size: 1727302 bytes
(epstopdf)             Output file: <chapter_2/figures/spintmal-eps-converted-t
o.pdf>
(epstopdf)                    date: 2018-09-25 16:18:36
(epstopdf)                    size: 174822 bytes
(epstopdf)             Command: <epstopdf --outfile=chapter_2/figures/spintmal-
eps-converted-to.pdf chapter_2/figures/spintmal.eps>
(epstopdf)             \includegraphics on input line 23.
Package epstopdf Info: Output file is already uptodate.
<chapter_2/figures/spintmal-eps-converted-to.pdf, id=548, 950.55125pt x 460.721
25pt>
File: chapter_2/figures/spintmal-eps-converted-to.pdf Graphic file (type pdf)
<use chapter_2/figures/spintmal-eps-converted-to.pdf>
Package pdftex.def Info: chapter_2/figures/spintmal-eps-converted-to.pdf  used 
on input line 23.
(pdftex.def)             Requested size: 165.02345pt x 79.98065pt.
Package epstopdf Info: Source file: <chapter_2/figures/Anticancer.eps>
(epstopdf)                    date: 2018-09-25 16:05:52
(epstopdf)                    size: 1280626 bytes
(epstopdf)             Output file: <chapter_2/figures/Anticancer-eps-converted
-to.pdf>
(epstopdf)                    date: 2018-09-25 16:18:39
(epstopdf)                    size: 115943 bytes
(epstopdf)             Command: <epstopdf --outfile=chapter_2/figures/Anticance
r-eps-converted-to.pdf chapter_2/figures/Anticancer.eps>
(epstopdf)             \includegraphics on input line 28.
Package epstopdf Info: Output file is already uptodate.
<chapter_2/figures/Anticancer-eps-converted-to.pdf, id=550, 747.79375pt x 444.6
6125pt>
File: chapter_2/figures/Anticancer-eps-converted-to.pdf Graphic file (type pdf)

<use chapter_2/figures/Anticancer-eps-converted-to.pdf>
Package pdftex.def Info: chapter_2/figures/Anticancer-eps-converted-to.pdf  use
d on input line 28.
(pdftex.def)             Requested size: 165.02345pt x 98.12431pt.
 [6 <./chapter_2/figures/spintmal-eps-converted-to.pdf> <./chapter_2/figures/An
ticancer-eps-converted-to.pdf>]
LaTeX Font Info:    Try loading font information for OMS+cmr on input line 62.

("C:\Program Files\MiKTeX 2.9\tex\latex\base\omscmr.fd"
File: omscmr.fd 2014/09/29 v2.5h Standard LaTeX font definitions
)
LaTeX Font Info:    Font shape `OMS/cmr/m/n' in size <10.95> not available
(Font)              Font shape `OMS/cmsy/m/n' tried instead on input line 62.
 [7]
<chapter_2/figures/useCase.PNG, id=577, 662.475pt x 382.42876pt>
File: chapter_2/figures/useCase.PNG Graphic file (type png)
<use chapter_2/figures/useCase.PNG>
Package pdftex.def Info: chapter_2/figures/useCase.PNG  used on input line 89.
(pdftex.def)             Requested size: 288.7942pt x 166.71112pt.
 [8] [9 <./chapter_2/figures/useCase.PNG>]) [10]
\openout2 = `chapter_3/Proposed-Method_ch3.aux'.

 (chapter_3/Proposed-Method_ch3.tex
Chapter 3.

LaTeX Warning: `h' float specifier changed to `ht'.

[11



]
Package epstopdf Info: Source file: <chapter_3/figures/f1.eps>
(epstopdf)                    date: 2018-09-25 19:58:12
(epstopdf)                    size: 570850 bytes
(epstopdf)             Output file: <chapter_3/figures/f1-eps-converted-to.pdf>

(epstopdf)                    date: 2018-09-25 19:58:51
(epstopdf)                    size: 27906 bytes
(epstopdf)             Command: <epstopdf --outfile=chapter_3/figures/f1-eps-co
nverted-to.pdf chapter_3/figures/f1.eps>
(epstopdf)             \includegraphics on input line 36.
Package epstopdf Info: Output file is already uptodate.
<chapter_3/figures/f1-eps-converted-to.pdf, id=617, 238.8925pt x 112.42pt>
File: chapter_3/figures/f1-eps-converted-to.pdf Graphic file (type pdf)
<use chapter_3/figures/f1-eps-converted-to.pdf>
Package pdftex.def Info: chapter_3/figures/f1-eps-converted-to.pdf  used on inp
ut line 36.
(pdftex.def)             Requested size: 206.28247pt x 97.07385pt.
Package epstopdf Info: Source file: <chapter_3/figures/mononew.eps>
(epstopdf)                    date: 2018-09-30 11:17:03
(epstopdf)                    size: 866322 bytes
(epstopdf)             Output file: <chapter_3/figures/mononew-eps-converted-to
.pdf>
(epstopdf)                    date: 2018-09-30 11:18:38
(epstopdf)                    size: 58484 bytes
(epstopdf)             Command: <epstopdf --outfile=chapter_3/figures/mononew-e
ps-converted-to.pdf chapter_3/figures/mononew.eps>
(epstopdf)             \includegraphics on input line 45.
Package epstopdf Info: Output file is already uptodate.
<chapter_3/figures/mononew-eps-converted-to.pdf, id=619, 651.43375pt x 361.35pt
>
File: chapter_3/figures/mononew-eps-converted-to.pdf Graphic file (type pdf)
<use chapter_3/figures/mononew-eps-converted-to.pdf>
Package pdftex.def Info: chapter_3/figures/mononew-eps-converted-to.pdf  used o
n input line 45.
(pdftex.def)             Requested size: 288.7942pt x 160.19649pt.


LaTeX Warning: `h' float specifier changed to `ht'.

Package epstopdf Info: Source file: <chapter_3/figures/Dipeptidenew.eps>
(epstopdf)                    date: 2018-09-30 11:17:36
(epstopdf)                    size: 882318 bytes
(epstopdf)             Output file: <chapter_3/figures/Dipeptidenew-eps-convert
ed-to.pdf>
(epstopdf)                    date: 2018-09-30 11:18:40
(epstopdf)                    size: 61518 bytes
(epstopdf)             Command: <epstopdf --outfile=chapter_3/figures/Dipeptide
new-eps-converted-to.pdf chapter_3/figures/Dipeptidenew.eps>
(epstopdf)             \includegraphics on input line 54.
Package epstopdf Info: Output file is already uptodate.
<chapter_3/figures/Dipeptidenew-eps-converted-to.pdf, id=620, 660.4675pt x 358.
33875pt>
File: chapter_3/figures/Dipeptidenew-eps-converted-to.pdf Graphic file (type pd
f)
<use chapter_3/figures/Dipeptidenew-eps-converted-to.pdf>
Package pdftex.def Info: chapter_3/figures/Dipeptidenew-eps-converted-to.pdf  u
sed on input line 54.
(pdftex.def)             Requested size: 288.7942pt x 156.6908pt.
[12 <./chapter_3/figures/f1-eps-converted-to.pdf>]
<chapter_3/figures/tripeptide.PNG, id=634, 636.12656pt x 231.11343pt>
File: chapter_3/figures/tripeptide.PNG Graphic file (type png)
<use chapter_3/figures/tripeptide.PNG>
Package pdftex.def Info: chapter_3/figures/tripeptide.PNG  used on input line 6
4.
(pdftex.def)             Requested size: 288.7942pt x 104.9205pt.
 [13 <./chapter_3/figures/mononew-eps-converted-to.pdf> <./chapter_3/figures/Di
peptidenew-eps-converted-to.pdf>]
<chapter_3/figures/comGap.PNG, id=651, 553.31718pt x 206.27063pt>
File: chapter_3/figures/comGap.PNG Graphic file (type png)
<use chapter_3/figures/comGap.PNG>
Package pdftex.def Info: chapter_3/figures/comGap.PNG  used on input line 74.
(pdftex.def)             Requested size: 288.7942pt x 107.65791pt.

Overfull \hbox (6.41084pt too wide) in paragraph at lines 87--98
 [][] 
 []

[14 <./chapter_3/figures/tripeptide.PNG> <./chapter_3/figures/comGap.PNG>]
<chapter_3/figures/ensemble.png, id=661, 624.83438pt x 487.06969pt>
File: chapter_3/figures/ensemble.png Graphic file (type png)
<use chapter_3/figures/ensemble.png>
Package pdftex.def Info: chapter_3/figures/ensemble.png  used on input line 106
.
(pdftex.def)             Requested size: 330.05322pt x 257.28357pt.

(C:\Users\ASUS\AppData\Roaming\MiKTeX\2.9\tex\latex\ucs\uni-0.def
File: uni-0.def 2013/05/13 UCS: Unicode data U+0000..U+00FF
) [15 <./chapter_3/figures/ensemble.png>] [16]) [17]
\openout2 = `chapter_5/Conclusion_ch5.aux'.

 (chapter_5/Conclusion_ch5.tex
Chapter 4.

Overfull \hbox (7.73772pt too wide) in paragraph at lines 21--21
[]|\OT1/cmr/bx/n/10.95 Precision| 
 []


Overfull \hbox (1.69pt too wide) in paragraph at lines 21--21
[]|\OT1/cmr/bx/n/10.95 MCC| 
 []


Overfull \hbox (15.71198pt too wide) in paragraph at lines 22--22
[]|\OT1/cmr/bx/n/10.95 AuROC| 
 []


Overfull \hbox (1.96396pt too wide) in paragraph at lines 23--23
[]|\OT1/cmr/m/n/10.95 0.7567| 
 []


Overfull \hbox (1.96396pt too wide) in paragraph at lines 23--23
[]|\OT1/cmr/m/n/10.95 0.5686| 
 []


Overfull \hbox (1.96396pt too wide) in paragraph at lines 24--24
[]|\OT1/cmr/m/n/10.95 0.8528| 
 []


Overfull \hbox (1.96396pt too wide) in paragraph at lines 25--25
[]|\OT1/cmr/m/n/10.95 0.7978| 
 []


Overfull \hbox (1.96396pt too wide) in paragraph at lines 25--25
[]|\OT1/cmr/m/n/10.95 0.5614| 
 []


Overfull \hbox (1.96396pt too wide) in paragraph at lines 26--26
[]|\OT1/cmr/m/n/10.95 0.7588| 
 []


Overfull \hbox (1.96396pt too wide) in paragraph at lines 27--27
[]|\OT1/cmr/m/n/10.95 0.5007| 
 []


Overfull \hbox (1.96396pt too wide) in paragraph at lines 27--27
[]|\OT1/cmr/m/n/10.95 0.3434| 
 []


Overfull \hbox (1.96396pt too wide) in paragraph at lines 28--28
[]|\OT1/cmr/m/n/10.95 0.7650| 
 []


Overfull \hbox (1.96396pt too wide) in paragraph at lines 29--29
[]|\OT1/cmr/m/n/10.95 0.7869| 
 []


Overfull \hbox (1.96396pt too wide) in paragraph at lines 29--29
[]|\OT1/cmr/m/n/10.95 0.5840| 
 []


Overfull \hbox (1.96396pt too wide) in paragraph at lines 30--30
[]|\OT1/cmr/m/n/10.95 0.8657| 
 []


Overfull \hbox (1.96396pt too wide) in paragraph at lines 31--31
[]|\OT1/cmr/m/n/10.95 0.7302| 
 []


Overfull \hbox (1.96396pt too wide) in paragraph at lines 31--31
[]|\OT1/cmr/m/n/10.95 0.4710| 
 []


Overfull \hbox (1.96396pt too wide) in paragraph at lines 32--32
[]|\OT1/cmr/m/n/10.95 0.7336| 
 []


Overfull \hbox (7.73772pt too wide) in paragraph at lines 42--42
[]|\OT1/cmr/bx/n/10.95 Precision| 
 []


Overfull \hbox (1.69pt too wide) in paragraph at lines 42--42
[]|\OT1/cmr/bx/n/10.95 MCC| 
 []


Overfull \hbox (15.71198pt too wide) in paragraph at lines 43--43
[]|\OT1/cmr/bx/n/10.95 AuROC| 
 []


Overfull \hbox (1.96396pt too wide) in paragraph at lines 44--44
[]|\OT1/cmr/m/n/10.95 0.8247| 
 []


Overfull \hbox (1.96396pt too wide) in paragraph at lines 44--44
[]|\OT1/cmr/m/n/10.95 0.6296| 
 []


Overfull \hbox (1.96396pt too wide) in paragraph at lines 45--45
[]|\OT1/cmr/m/n/10.95 0.9345| 
 []


Overfull \hbox (1.96396pt too wide) in paragraph at lines 46--46
[]|\OT1/cmr/m/n/10.95 0.8234| 
 []


Overfull \hbox (1.96396pt too wide) in paragraph at lines 46--46
[]|\OT1/cmr/m/n/10.95 0.6230| 
 []


Overfull \hbox (1.96396pt too wide) in paragraph at lines 47--47
[]|\OT1/cmr/m/n/10.95 0.8530| 
 []


Overfull \hbox (1.96396pt too wide) in paragraph at lines 48--48
[]|\OT1/cmr/m/n/10.95 0.8151| 
 []


Overfull \hbox (1.96396pt too wide) in paragraph at lines 48--48
[]|\OT1/cmr/m/n/10.95 0.6036| 
 []


Overfull \hbox (1.96396pt too wide) in paragraph at lines 49--49
[]|\OT1/cmr/m/n/10.95 0.9166| 
 []


Overfull \hbox (1.96396pt too wide) in paragraph at lines 50--50
[]|\OT1/cmr/m/n/10.95 0.8242| 
 []


Overfull \hbox (1.96396pt too wide) in paragraph at lines 50--50
[]|\OT1/cmr/m/n/10.95 0.6083| 
 []


Overfull \hbox (1.96396pt too wide) in paragraph at lines 51--51
[]|\OT1/cmr/m/n/10.95 0.8969| 
 []


Overfull \hbox (1.96396pt too wide) in paragraph at lines 52--52
[]|\OT1/cmr/m/n/10.95 0.8202| 
 []


Overfull \hbox (1.96396pt too wide) in paragraph at lines 52--52
[]|\OT1/cmr/m/n/10.95 0.6376| 
 []


Overfull \hbox (1.96396pt too wide) in paragraph at lines 53--53
[]|\OT1/cmr/m/n/10.95 0.8596| 
 []


Overfull \hbox (1.96396pt too wide) in paragraph at lines 54--54
[]|\OT1/cmr/m/n/10.95 0.7994| 
 []


Overfull \hbox (1.96396pt too wide) in paragraph at lines 54--54
[]|\OT1/cmr/m/n/10.95 0.5687| 
 []


Overfull \hbox (1.96396pt too wide) in paragraph at lines 55--55
[]|\OT1/cmr/m/n/10.95 0.8497| 
 []


Overfull \hbox (1.96396pt too wide) in paragraph at lines 56--56
[]|\OT1/cmr/m/n/10.95 0.7931| 
 []


Overfull \hbox (1.96396pt too wide) in paragraph at lines 56--56
[]|\OT1/cmr/m/n/10.95 0.5527| 
 []


Overfull \hbox (1.96396pt too wide) in paragraph at lines 57--57
[]|\OT1/cmr/m/n/10.95 0.8464| 
 []


Overfull \hbox (1.96396pt too wide) in paragraph at lines 58--58
[]|\OT1/cmr/m/n/10.95 0.8032| 
 []


Overfull \hbox (1.96396pt too wide) in paragraph at lines 58--58
[]|\OT1/cmr/m/n/10.95 0.6539| 
 []


Overfull \hbox (1.96396pt too wide) in paragraph at lines 59--59
[]|\OT1/cmr/m/n/10.95 0.8488| 
 []


Overfull \hbox (1.96396pt too wide) in paragraph at lines 60--60
[]|\OT1/cmr/m/n/10.95 0.8058| 
 []


Overfull \hbox (1.96396pt too wide) in paragraph at lines 60--60
[]|\OT1/cmr/m/n/10.95 0.5912| 
 []


Overfull \hbox (1.96396pt too wide) in paragraph at lines 61--61
[]|\OT1/cmr/m/n/10.95 0.8206| 
 []


Overfull \hbox (1.96396pt too wide) in paragraph at lines 62--62
[]|\OT1/cmr/m/n/10.95 0.8038| 
 []


Overfull \hbox (1.96396pt too wide) in paragraph at lines 62--62
[]|\OT1/cmr/m/n/10.95 0.5854| 
 []


Overfull \hbox (1.96396pt too wide) in paragraph at lines 63--63
[]|\OT1/cmr/m/n/10.95 0.7616| 
 []


Overfull \hbox (6.52617pt too wide) in paragraph at lines 64--64
[]|\OT1/cmr/bx/n/10.95 0.8360| 
 []


Overfull \hbox (6.52617pt too wide) in paragraph at lines 64--64
[]|\OT1/cmr/bx/n/10.95 0.6603| 
 []


Overfull \hbox (1.96396pt too wide) in paragraph at lines 65--65
[]|\OT1/cmr/m/n/10.95 0.8819| 
 []


Overfull \hbox (1.96396pt too wide) in paragraph at lines 66--66
[]|\OT1/cmr/m/n/10.95 0.7969| 
 []


Overfull \hbox (1.96396pt too wide) in paragraph at lines 66--66
[]|\OT1/cmr/m/n/10.95 0.5882| 
 []


Overfull \hbox (1.96396pt too wide) in paragraph at lines 67--67
[]|\OT1/cmr/m/n/10.95 0.8379| 
 []


Overfull \hbox (1.96396pt too wide) in paragraph at lines 68--68
[]|\OT1/cmr/m/n/10.95 0.8098| 
 []


Overfull \hbox (1.96396pt too wide) in paragraph at lines 68--68
[]|\OT1/cmr/m/n/10.95 0.6087| 
 []


Overfull \hbox (1.96396pt too wide) in paragraph at lines 69--69
[]|\OT1/cmr/m/n/10.95 0.7895| 
 []


Overfull \hbox (35.23238pt too wide) in paragraph at lines 41--71
 [][] 
 []


LaTeX Warning: `h' float specifier changed to `ht'.

[18



]
Overfull \hbox (1.4856pt too wide) in paragraph at lines 86--87
[]|\OT1/cmr/bx/n/10.95 AuROC| 
 []

(C:\Users\ASUS\AppData\Roaming\MiKTeX\2.9\tex\latex\ucs\uni-32.def
File: uni-32.def 2013/05/13 UCS: Unicode data U+2000..U+20FF
) [19])
[20]
\openout2 = `chapter_4/Results_ch4.aux'.

 (chapter_4/Results_ch4.tex
Chapter 5.
[21



]) [22]
\openout2 = `chapter_7/Application_ch7.aux'.

 (chapter_7/Application_ch7.tex
Chapter 6.
<chapter_7/figures/home.png, id=724, 751.30687pt x 355.3275pt>
File: chapter_7/figures/home.png Graphic file (type png)
<use chapter_7/figures/home.png>
Package pdftex.def Info: chapter_7/figures/home.png  used on input line 18.
(pdftex.def)             Requested size: 330.05322pt x 156.10059pt.
<chapter_7/figures/read.png, id=725, 751.30687pt x 355.3275pt>
File: chapter_7/figures/read.png Graphic file (type png)
<use chapter_7/figures/read.png>
Package pdftex.def Info: chapter_7/figures/read.png  used on input line 23.
(pdftex.def)             Requested size: 330.05322pt x 156.10059pt.
[23



]
<chapter_7/figures/dataset.png, id=732, 751.30687pt x 355.3275pt>
File: chapter_7/figures/dataset.png Graphic file (type png)
<use chapter_7/figures/dataset.png>
Package pdftex.def Info: chapter_7/figures/dataset.png  used on input line 28.
(pdftex.def)             Requested size: 330.05322pt x 156.10059pt.
<chapter_7/figures/contri1.png, id=733, 751.30687pt x 355.3275pt>
File: chapter_7/figures/contri1.png Graphic file (type png)
<use chapter_7/figures/contri1.png>
Package pdftex.def Info: chapter_7/figures/contri1.png  used on input line 33.
(pdftex.def)             Requested size: 330.05322pt x 156.10059pt.
<chapter_7/figures/contri2.png, id=734, 1013.28563pt x 524.71031pt>
File: chapter_7/figures/contri2.png Graphic file (type png)
<use chapter_7/figures/contri2.png>
Package pdftex.def Info: chapter_7/figures/contri2.png  used on input line 38.
(pdftex.def)             Requested size: 330.05322pt x 170.90512pt.
 [24 <./chapter_7/figures/home.png> <./chapter_7/figures/read.png> <./chapter_7
/figures/dataset.png>]
<chapter_7/figures/server1.png, id=742, 751.30687pt x 355.3275pt>
File: chapter_7/figures/server1.png Graphic file (type png)
<use chapter_7/figures/server1.png>
Package pdftex.def Info: chapter_7/figures/server1.png  used on input line 43.
(pdftex.def)             Requested size: 330.05322pt x 156.10059pt.
<chapter_7/figures/server2.png, id=743, 751.30687pt x 355.3275pt>
File: chapter_7/figures/server2.png Graphic file (type png)
<use chapter_7/figures/server2.png>
Package pdftex.def Info: chapter_7/figures/server2.png  used on input line 48.
(pdftex.def)             Requested size: 330.05322pt x 156.10059pt.
<chapter_7/figures/server3.png, id=744, 751.30687pt x 355.3275pt>
File: chapter_7/figures/server3.png Graphic file (type png)
<use chapter_7/figures/server3.png>
Package pdftex.def Info: chapter_7/figures/server3.png  used on input line 53.
(pdftex.def)             Requested size: 330.05322pt x 156.10059pt.
 [25 <./chapter_7/figures/contri1.png> <./chapter_7/figures/contri2.png> <./cha
pter_7/figures/server1.png>]
<chapter_7/figures/server4.png, id=751, 703.62875pt x 313.67188pt>
File: chapter_7/figures/server4.png Graphic file (type png)
<use chapter_7/figures/server4.png>
Package pdftex.def Info: chapter_7/figures/server4.png  used on input line 58.
(pdftex.def)             Requested size: 330.05322pt x 147.13383pt.
<chapter_7/figures/server5.png, id=752, 751.30687pt x 355.3275pt>
File: chapter_7/figures/server5.png Graphic file (type png)
<use chapter_7/figures/server5.png>
Package pdftex.def Info: chapter_7/figures/server5.png  used on input line 63.
(pdftex.def)             Requested size: 330.05322pt x 156.10059pt.
) [26 <./chapter_7/figures/server2.png> <./chapter_7/figures/server3.png> <./ch
apter_7/figures/server4.png>] [27 <./chapter_7/figures/server5.png>]
\openout2 = `chapter_6/Conclusion_ch6.aux'.

 (chapter_6/Conclusion_ch6.tex
Chapter 7.
) [28



] ("Thesis Template.bbl" ("Thesis Template.brf")
\tf@brf=\write8
\openout8 = `"Thesis Template.brf"'.

 [29


]) [30]
Package atveryend Info: Empty hook `BeforeClearDocument' on input line 93.
Package atveryend Info: Empty hook `AfterLastShipout' on input line 93.

("Thesis Template.aux" (0_frontmatter/declaration.aux)
(0_frontmatter/certificate.aux) (0_frontmatter/abstract.aux)
(chapter_1/Introduction_ch1.aux) (chapter_2/Related-Work_ch2.aux)
(chapter_3/Proposed-Method_ch3.aux) (chapter_5/Conclusion_ch5.aux)
(chapter_4/Results_ch4.aux) (chapter_7/Application_ch7.aux)
(chapter_6/Conclusion_ch6.aux))
Package atveryend Info: Executing hook `AtVeryEndDocument' on input line 93.
Package atveryend Info: Executing hook `AtEndAfterFileList' on input line 93.
Package rerunfilecheck Info: File `"Thesis Template".out' has not changed.
(rerunfilecheck)             Checksum: F4F72537FC57A65E945F568C77DF1817;5057.
Package rerunfilecheck Info: File `"Thesis Template".brf' has not changed.
(rerunfilecheck)             Checksum: 8FF0F070AC4F78CF155C3E34FC4A2D2E;2176.
Package atveryend Info: Empty hook `AtVeryVeryEnd' on input line 93.
 ) 
Here is how much of TeX's memory you used:
 11873 strings out of 492973
 182938 string characters out of 3135935
 298690 words of memory out of 3000000
 15218 multiletter control sequences out of 15000+200000
 23710 words of font info for 83 fonts, out of 3000000 for 9000
 1141 hyphenation exceptions out of 8191
 43i,12n,46p,1371b,719s stack positions out of 5000i,500n,10000p,200000b,50000s
 <C:\Users\ASUS\AppData\Local\MiKTeX\2.9\fonts\pk\ljfour\public\mathabx\dpi60
0\matha7.pk> <C:\Users\ASUS\AppData\Local\MiKTeX\2.9\fonts\pk\ljfour\public\mat
habx\dpi480\mathx10.pk> <C:\Users\ASUS\AppData\Local\MiKTeX\2.9\fonts\pk\ljfour
\public\mathabx\dpi600\matha10.pk> <C:\Users\ASUS\AppData\Local\MiKTeX\2.9\font
s\pk\ljfour\public\mathabx\dpi600\matha8.pk> <C:\Users\ASUS\AppData\Local\MiKTe
X\2.9\fonts\pk\ljfour\public\mathabx\dpi657\matha10.pk><C:/Program Files/MiKTeX
 2.9/fonts/type1/public/amsfonts/cm/cmbx10.pfb><C:/Program Files/MiKTeX 2.9/fon
ts/type1/public/amsfonts/cm/cmbx12.pfb><C:/Program Files/MiKTeX 2.9/fonts/type1
/public/amsfonts/cm/cmbx9.pfb><C:/Program Files/MiKTeX 2.9/fonts/type1/public/a
msfonts/cm/cmmi10.pfb><C:/Program Files/MiKTeX 2.9/fonts/type1/public/amsfonts/
cm/cmmi8.pfb><C:/Program Files/MiKTeX 2.9/fonts/type1/public/amsfonts/cm/cmr10.
pfb><C:/Program Files/MiKTeX 2.9/fonts/type1/public/amsfonts/cm/cmr12.pfb><C:/P
rogram Files/MiKTeX 2.9/fonts/type1/public/amsfonts/cm/cmr8.pfb><C:/Program Fil
es/MiKTeX 2.9/fonts/type1/public/amsfonts/cm/cmr9.pfb><C:/Program Files/MiKTeX 
2.9/fonts/type1/public/amsfonts/cm/cmsy10.pfb><C:/Program Files/MiKTeX 2.9/font
s/type1/public/amsfonts/cm/cmti10.pfb><C:/Program Files/MiKTeX 2.9/fonts/type1/
public/amsfonts/cm/cmti12.pfb><C:/Program Files/MiKTeX 2.9/fonts/type1/public/a
msfonts/cm/cmtt10.pfb><C:/Program Files/MiKTeX 2.9/fonts/type1/public/amsfonts/
symbols/msam7.pfb><C:/Program Files/MiKTeX 2.9/fonts/type1/public/amsfonts/symb
ols/msbm10.pfb>
Output written on "Thesis Template.pdf" (39 pages, 3662020 bytes).
PDF statistics:
 941 PDF objects out of 1000 (max. 8388607)
 174 named destinations out of 1000 (max. 500000)
 717 words of extra memory for PDF output out of 10000 (max. 10000000)

