\BOOKMARK [0][]{chapter*.2}{List of Figures}{}% 1
\BOOKMARK [0][]{chapter*.3}{List of Tables}{}% 2
\BOOKMARK [0][]{chapter.1}{1 Project Overview}{}% 3
\BOOKMARK [1][]{section.1.1}{1.1 Introduction}{chapter.1}% 4
\BOOKMARK [1][]{section.1.2}{1.2 Basic Biological Entities}{chapter.1}% 5
\BOOKMARK [2][]{subsection.1.2.1}{1.2.1 Pros and Cons}{section.1.2}% 6
\BOOKMARK [2][]{subsection.1.2.2}{1.2.2 Tools}{section.1.2}% 7
\BOOKMARK [1][]{section.1.3}{1.3 Motivation}{chapter.1}% 8
\BOOKMARK [1][]{section.1.4}{1.4 Our Project}{chapter.1}% 9
\BOOKMARK [2][]{subsection.1.4.1}{1.4.1 Description of the Project}{section.1.4}% 10
\BOOKMARK [2][]{subsection.1.4.2}{1.4.2 Difficulties}{section.1.4}% 11
\BOOKMARK [1][]{section.1.5}{1.5 Methodology}{chapter.1}% 12
\BOOKMARK [1][]{section.1.6}{1.6 Summary}{chapter.1}% 13
\BOOKMARK [0][]{chapter.2}{2 Background}{}% 14
\BOOKMARK [1][]{section.2.1}{2.1 Introduction}{chapter.2}% 15
\BOOKMARK [1][]{section.2.2}{2.2 Existing Work and Web on Biological Entities}{chapter.2}% 16
\BOOKMARK [1][]{section.2.3}{2.3 Comparison of Recent Workable Tools}{chapter.2}% 17
\BOOKMARK [1][]{section.2.4}{2.4 Software Requirement Specification \(SRS\)}{chapter.2}% 18
\BOOKMARK [2][]{subsection.2.4.1}{2.4.1 Overview}{section.2.4}% 19
\BOOKMARK [2][]{subsection.2.4.2}{2.4.2 Purpose}{section.2.4}% 20
\BOOKMARK [2][]{subsection.2.4.3}{2.4.3 Scope}{section.2.4}% 21
\BOOKMARK [2][]{subsection.2.4.4}{2.4.4 Goals}{section.2.4}% 22
\BOOKMARK [2][]{subsection.2.4.5}{2.4.5 Overall Description}{section.2.4}% 23
\BOOKMARK [3][]{subsubsection.2.4.5.1}{2.4.5.1 Users}{subsection.2.4.5}% 24
\BOOKMARK [3][]{subsubsection.2.4.5.2}{2.4.5.2 Functionality}{subsection.2.4.5}% 25
\BOOKMARK [3][]{subsubsection.2.4.5.3}{2.4.5.3 Platform}{subsection.2.4.5}% 26
\BOOKMARK [3][]{subsubsection.2.4.5.4}{2.4.5.4 Development and Responsibility}{subsection.2.4.5}% 27
\BOOKMARK [3][]{subsubsection.2.4.5.5}{2.4.5.5 Functional Requirements}{subsection.2.4.5}% 28
\BOOKMARK [3][]{subsubsection.2.4.5.6}{2.4.5.6 Requirements Specification}{subsection.2.4.5}% 29
\BOOKMARK [3][]{subsubsection.2.4.5.7}{2.4.5.7 Technical Process}{subsection.2.4.5}% 30
\BOOKMARK [1][]{section.2.5}{2.5 Summary}{chapter.2}% 31
\BOOKMARK [0][]{chapter.3}{3 Machine Learning Methodology}{}% 32
\BOOKMARK [1][]{section.3.1}{3.1 Introduction}{chapter.3}% 33
\BOOKMARK [1][]{section.3.2}{3.2 Benchmark Dataset}{chapter.3}% 34
\BOOKMARK [1][]{section.3.3}{3.3 Feature Collection}{chapter.3}% 35
\BOOKMARK [2][]{subsection.3.3.1}{3.3.1 Monomer Composition}{section.3.3}% 36
\BOOKMARK [2][]{subsection.3.3.2}{3.3.2 Dipeptide Composition}{section.3.3}% 37
\BOOKMARK [2][]{subsection.3.3.3}{3.3.3 Tripeptide Composition}{section.3.3}% 38
\BOOKMARK [2][]{subsection.3.3.4}{3.3.4 1-gapped Di-mono Composition}{section.3.3}% 39
\BOOKMARK [2][]{subsection.3.3.5}{3.3.5 1-gapped Mono-Di Composition}{section.3.3}% 40
\BOOKMARK [2][]{subsection.3.3.6}{3.3.6 Feature Collection Summary}{section.3.3}% 41
\BOOKMARK [1][]{section.3.4}{3.4 Classification Algorithm}{chapter.3}% 42
\BOOKMARK [1][]{section.3.5}{3.5 Used Algorithm}{chapter.3}% 43
\BOOKMARK [1][]{section.3.6}{3.6 Parameter of Using Algorithms}{chapter.3}% 44
\BOOKMARK [1][]{section.3.7}{3.7 Performance Evaluation}{chapter.3}% 45
\BOOKMARK [1][]{section.3.8}{3.8 Summary}{chapter.3}% 46
\BOOKMARK [0][]{chapter.4}{4 Experimental Results and Discussion}{}% 47
\BOOKMARK [1][]{section.4.1}{4.1 Introduction}{chapter.4}% 48
\BOOKMARK [1][]{section.4.2}{4.2 Result of used Algorithm}{chapter.4}% 49
\BOOKMARK [2][]{subsection.4.2.1}{4.2.1 Comparison with other methods}{section.4.2}% 50
\BOOKMARK [1][]{section.4.3}{4.3 Summary}{chapter.4}% 51
\BOOKMARK [0][]{chapter.5}{5 Standards and Impacts}{}% 52
\BOOKMARK [1][]{section.5.1}{5.1 Impacts}{chapter.5}% 53
\BOOKMARK [2][]{subsection.5.1.1}{5.1.1 Introduction}{section.5.1}% 54
\BOOKMARK [2][]{subsection.5.1.2}{5.1.2 Biological Impact}{section.5.1}% 55
\BOOKMARK [2][]{subsection.5.1.3}{5.1.3 Machine Learning}{section.5.1}% 56
\BOOKMARK [2][]{subsection.5.1.4}{5.1.4 Social Impact}{section.5.1}% 57
\BOOKMARK [2][]{subsection.5.1.5}{5.1.5 Economic Impact}{section.5.1}% 58
\BOOKMARK [2][]{subsection.5.1.6}{5.1.6 Ethical Impact}{section.5.1}% 59
\BOOKMARK [1][]{section.5.2}{5.2 Standard}{chapter.5}% 60
\BOOKMARK [2][]{subsection.5.2.1}{5.2.1 Introduction}{section.5.2}% 61
\BOOKMARK [2][]{subsection.5.2.2}{5.2.2 Standards}{section.5.2}% 62
\BOOKMARK [1][]{section.5.3}{5.3 Challenges}{chapter.5}% 63
\BOOKMARK [1][]{section.5.4}{5.4 Summary}{chapter.5}% 64
\BOOKMARK [0][]{chapter.6}{6 Web Application}{}% 65
\BOOKMARK [1][]{section.6.1}{6.1 Development}{chapter.6}% 66
\BOOKMARK [1][]{section.6.2}{6.2 User manual}{chapter.6}% 67
\BOOKMARK [0][]{chapter.7}{7 Conclusion}{}% 68
\BOOKMARK [1][]{section.7.1}{7.1 Summary}{chapter.7}% 69
\BOOKMARK [1][]{section.7.2}{7.2 Limitation}{chapter.7}% 70
\BOOKMARK [1][]{section.7.3}{7.3 Future Work}{chapter.7}% 71
\BOOKMARK [0][]{chapter*.40}{Bibliography}{}% 72
